<?xml version="1.0" encoding="UTF-8"?>
<!DOCTYPE coverage SYSTEM "http://cobertura.sourceforge.net/xml/coverage-04.dtd">
<coverage line-rate="1" branch-rate="0" lines-covered="12" lines-valid="12" branches-covered="0" branches-valid="0" complexity="0" version="" timestamp="1742797737733">
	<packages>
		<package name="coverage-demo/pkg/mathutils" line-rate="1" branch-rate="0" complexity="0" line-count="6" line-hits="6">
			<classes>
				<class name="TwoNumber" filename="pkg\mathutils\math_utils.go" line-rate="1" branch-rate="0" complexity="0" line-count="6" line-hits="6">
					<methods>
						<method name="Add" signature="" line-rate="1" branch-rate="0" complexity="0" line-count="0" line-hits="0">
							<lines>
								<line number="12" hits="1"></line>
							</lines>
						</method>
						<method name="Multiply" signature="" line-rate="1" branch-rate="0" complexity="0" line-count="0" line-hits="0">
							<lines>
								<line number="17" hits="1"></line>
							</lines>
						</method>
						<method name="CheckIsAdditionTrue" signature="" line-rate="1" branch-rate="0" complexity="0" line-count="0" line-hits="0">
							<lines>
								<line number="21" hits="1"></line>
							</lines>
						</method>
						<method name="Divide" signature="" line-rate="1" branch-rate="0" complexity="0" line-count="0" line-hits="0">
							<lines>
								<line number="27" hits="1"></line>
								<line number="28" hits="1"></line>
								<line number="30" hits="1"></line>
							</lines>
						</method>
					</methods>
					<lines>
						<line number="12" hits="1"></line>
						<line number="17" hits="1"></line>
						<line number="21" hits="1"></line>
						<line number="27" hits="1"></line>
						<line number="28" hits="1"></line>
						<line number="30" hits="1"></line>
					</lines>
				</class>
			</classes>
		</package>
		<package name="coverage-demo/pkg/stringutils" line-rate="1" branch-rate="0" complexity="0" line-count="6" line-hits="6">
			<classes>
				<class name="-" filename="pkg\stringutils\string_utils.go" line-rate="1" branch-rate="0" complexity="0" line-count="6" line-hits="6">
					<methods>
						<method name="Concat" signature="" line-rate="1" branch-rate="0" complexity="0" line-count="0" line-hits="0">
							<lines>
								<line number="5" hits="1"></line>
							</lines>
						</method>
						<method name="Reverse" signature="" line-rate="1" branch-rate="0" complexity="0" line-count="0" line-hits="0">
							<lines>
								<line number="10" hits="1"></line>
								<line number="11" hits="1"></line>
								<line number="12" hits="1"></line>
								<line number="14" hits="1"></line>
							</lines>
						</method>
						<method name="IsPalindrome" signature="" line-rate="1" branch-rate="0" complexity="0" line-count="0" line-hits="0">
							<lines>
								<line number="19" hits="1"></line>
							</lines>
						</method>
					</methods>
					<lines>
						<line number="5" hits="1"></line>
						<line number="10" hits="1"></line>
						<line number="11" hits="1"></line>
						<line number="12" hits="1"></line>
						<line number="14" hits="1"></line>
						<line number="19" hits="1"></line>
					</lines>
				</class>
			</classes>
		</package>
	</packages>
	<sources>
		<source>D:\Documents\Sutekilabs\playground\go\coverage-demo</source>
	</sources>
</coverage>
